<?xml version="1.0" encoding="UTF-8"?>
<coverage generated="1774022129582" clover="3.2.0">
  <project timestamp="1774022129582" name="All files">
    <metrics statements="226" coveredstatements="220" conditionals="194" coveredconditionals="183" methods="57" coveredmethods="55" elements="477" coveredelements="458" complexity="0" loc="226" ncloc="226" packages="4" files="8" classes="8"/>
    <package name="src">
      <metrics statements="2" coveredstatements="2" conditionals="0" coveredconditionals="0" methods="2" coveredmethods="2"/>
      <file name="App.tsx" path="/home/runner/work/tic-tac-toe-mcts/tic-tac-toe-mcts/client/src/App.tsx">
        <metrics statements="2" coveredstatements="2" conditionals="0" coveredconditionals="0" methods="2" coveredmethods="2"/>
        <line num="10" count="1" type="stmt"/>
        <line num="19" count="1" type="stmt"/>
      </file>
    </package>
    <package name="src.hooks">
      <metrics statements="61" coveredstatements="59" conditionals="20" coveredconditionals="17" methods="22" coveredmethods="21"/>
      <file name="use-mobile.tsx" path="/home/runner/work/tic-tac-toe-mcts/tic-tac-toe-mcts/client/src/hooks/use-mobile.tsx">
        <metrics statements="10" coveredstatements="10" conditionals="0" coveredconditionals="0" methods="4" coveredmethods="4"/>
        <line num="3" count="1" type="stmt"/>
        <line num="6" count="9" type="stmt"/>
        <line num="8" count="9" type="stmt"/>
        <line num="9" count="4" type="stmt"/>
        <line num="10" count="4" type="stmt"/>
        <line num="11" count="1" type="stmt"/>
        <line num="13" count="4" type="stmt"/>
        <line num="14" count="4" type="stmt"/>
        <line num="15" count="4" type="stmt"/>
        <line num="18" count="9" type="stmt"/>
      </file>
      <file name="use-toast.ts" path="/home/runner/work/tic-tac-toe-mcts/tic-tac-toe-mcts/client/src/hooks/use-toast.ts">
        <metrics statements="51" coveredstatements="49" conditionals="20" coveredconditionals="17" methods="18" coveredmethods="17"/>
        <line num="8" count="2" type="stmt"/>
        <line num="9" count="2" type="stmt"/>
        <line num="18" count="2" type="stmt"/>
        <line num="25" count="2" type="stmt"/>
        <line num="28" count="6" type="stmt"/>
        <line num="29" count="6" type="stmt"/>
        <line num="56" count="2" type="stmt"/>
        <line num="58" count="2" type="stmt"/>
        <line num="59" count="7" type="cond" truecount="2" falsecount="0"/>
        <line num="60" count="1" type="stmt"/>
        <line num="63" count="6" type="stmt"/>
        <line num="64" count="0" type="stmt"/>
        <line num="65" count="0" type="stmt"/>
        <line num="71" count="6" type="stmt"/>
        <line num="74" count="2" type="stmt"/>
        <line num="75" count="19" type="cond" truecount="4" falsecount="0"/>
        <line num="77" count="8" type="stmt"/>
        <line num="83" count="3" type="stmt"/>
        <line num="86" count="3" type="cond" truecount="2" falsecount="0"/>
        <line num="91" count="6" type="stmt"/>
        <line num="95" count="6" type="cond" truecount="2" falsecount="0"/>
        <line num="96" count="4" type="stmt"/>
        <line num="98" count="2" type="stmt"/>
        <line num="99" count="3" type="stmt"/>
        <line num="103" count="6" type="stmt"/>
        <line num="106" count="7" type="cond" truecount="3" falsecount="1"/>
        <line num="116" count="2" type="cond" truecount="2" falsecount="0"/>
        <line num="117" count="1" type="stmt"/>
        <line num="122" count="1" type="stmt"/>
        <line num="124" count="1" type="stmt"/>
        <line num="129" count="2" type="stmt"/>
        <line num="131" count="2" type="stmt"/>
        <line num="134" count="11" type="stmt"/>
        <line num="135" count="11" type="stmt"/>
        <line num="136" count="11" type="stmt"/>
        <line num="143" count="6" type="stmt"/>
        <line num="145" count="6" type="stmt"/>
        <line num="146" count="1" type="stmt"/>
        <line num="150" count="6" type="stmt"/>
        <line num="152" count="6" type="stmt"/>
        <line num="159" count="1" type="cond" truecount="1" falsecount="1"/>
        <line num="164" count="6" type="stmt"/>
        <line num="172" count="18" type="stmt"/>
        <line num="174" count="18" type="stmt"/>
        <line num="175" count="18" type="stmt"/>
        <line num="176" count="18" type="stmt"/>
        <line num="177" count="18" type="stmt"/>
        <line num="178" count="18" type="cond" truecount="1" falsecount="1"/>
        <line num="179" count="18" type="stmt"/>
        <line num="184" count="18" type="stmt"/>
        <line num="187" count="2" type="stmt"/>
      </file>
    </package>
    <package name="src.lib">
      <metrics statements="98" coveredstatements="98" conditionals="61" coveredconditionals="59" methods="16" coveredmethods="16"/>
      <file name="mcts.ts" path="/home/runner/work/tic-tac-toe-mcts/tic-tac-toe-mcts/client/src/lib/mcts.ts">
        <metrics statements="83" coveredstatements="83" conditionals="49" coveredconditionals="48" methods="11" coveredmethods="11"/>
        <line num="4" count="3" type="stmt"/>
        <line num="12" count="9061" type="stmt"/>
        <line num="13" count="61217" type="cond" truecount="5" falsecount="0"/>
        <line num="14" count="3219" type="stmt"/>
        <line num="17" count="5842" type="cond" truecount="2" falsecount="0"/>
        <line num="18" count="5708" type="stmt"/>
        <line num="23" count="14" type="stmt"/>
        <line num="24" count="63" type="stmt"/>
        <line num="25" count="63" type="cond" truecount="5" falsecount="0"/>
        <line num="26" count="11" type="stmt"/>
        <line num="29" count="3" type="stmt"/>
        <line num="33" count="2451" type="stmt"/>
        <line num="34" count="2451" type="stmt"/>
        <line num="35" count="22059" type="cond" truecount="2" falsecount="0"/>
        <line num="37" count="2451" type="stmt"/>
        <line num="51" count="584" type="stmt"/>
        <line num="52" count="584" type="stmt"/>
        <line num="53" count="584" type="stmt"/>
        <line num="54" count="584" type="stmt"/>
        <line num="55" count="584" type="stmt"/>
        <line num="56" count="584" type="stmt"/>
        <line num="57" count="584" type="stmt"/>
        <line num="58" count="584" type="stmt"/>
        <line num="62" count="3808" type="stmt"/>
        <line num="66" count="5648" type="stmt"/>
        <line num="70" count="580" type="stmt"/>
        <line num="71" count="580" type="stmt"/>
        <line num="73" count="580" type="stmt"/>
        <line num="74" count="580" type="stmt"/>
        <line num="76" count="580" type="cond" truecount="2" falsecount="0"/>
        <line num="77" count="580" type="stmt"/>
        <line num="78" count="580" type="stmt"/>
        <line num="79" count="580" type="stmt"/>
        <line num="84" count="1500" type="stmt"/>
        <line num="85" count="1500" type="stmt"/>
        <line num="87" count="1500" type="stmt"/>
        <line num="88" count="3361" type="stmt"/>
        <line num="89" count="3361" type="cond" truecount="2" falsecount="0"/>
        <line num="90" count="1500" type="cond" truecount="2" falsecount="0"/>
        <line num="91" count="1400" type="cond" truecount="2" falsecount="0"/>
        <line num="92" count="231" type="stmt"/>
        <line num="95" count="1861" type="stmt"/>
        <line num="96" count="1861" type="stmt"/>
        <line num="97" count="1861" type="stmt"/>
        <line num="98" count="1861" type="cond" truecount="2" falsecount="0"/>
        <line num="103" count="1500" type="stmt"/>
        <line num="104" count="1500" type="stmt"/>
        <line num="105" count="4728" type="stmt"/>
        <line num="106" count="4728" type="stmt"/>
        <line num="107" count="4728" type="stmt"/>
        <line num="120" count="6" type="stmt"/>
        <line num="121" count="6" type="cond" truecount="2" falsecount="0"/>
        <line num="122" count="5" type="cond" truecount="2" falsecount="0"/>
        <line num="124" count="4" type="stmt"/>
        <line num="126" count="4" type="stmt"/>
        <line num="127" count="1500" type="stmt"/>
        <line num="130" count="1500" type="cond" truecount="2" falsecount="0"/>
        <line num="131" count="2648" type="stmt"/>
        <line num="135" count="1500" type="cond" truecount="4" falsecount="0"/>
        <line num="136" count="580" type="stmt"/>
        <line num="140" count="1500" type="stmt"/>
        <line num="143" count="1500" type="stmt"/>
        <line num="147" count="4" type="stmt"/>
        <line num="148" count="4" type="stmt"/>
        <line num="149" count="4" type="stmt"/>
        <line num="150" count="25" type="cond" truecount="2" falsecount="0"/>
        <line num="151" count="7" type="stmt"/>
        <line num="152" count="7" type="stmt"/>
        <line num="156" count="4" type="cond" truecount="1" falsecount="1"/>
        <line num="160" count="2648" type="stmt"/>
        <line num="161" count="2648" type="stmt"/>
        <line num="164" count="2648" type="stmt"/>
        <line num="166" count="2648" type="stmt"/>
        <line num="168" count="13156" type="stmt"/>
        <line num="170" count="13156" type="cond" truecount="2" falsecount="0"/>
        <line num="172" count="3811" type="stmt"/>
        <line num="175" count="13156" type="stmt"/>
        <line num="177" count="13156" type="cond" truecount="2" falsecount="0"/>
        <line num="178" count="5018" type="stmt"/>
        <line num="179" count="5018" type="stmt"/>
        <line num="180" count="8138" type="cond" truecount="2" falsecount="0"/>
        <line num="181" count="751" type="stmt"/>
        <line num="185" count="2648" type="stmt"/>
      </file>
      <file name="queryClient.ts" path="/home/runner/work/tic-tac-toe-mcts/tic-tac-toe-mcts/client/src/lib/queryClient.ts">
        <metrics statements="14" coveredstatements="14" conditionals="12" coveredconditionals="11" methods="4" coveredmethods="4"/>
        <line num="4" count="6" type="cond" truecount="2" falsecount="0"/>
        <line num="5" count="3" type="cond" truecount="1" falsecount="1"/>
        <line num="6" count="3" type="stmt"/>
        <line num="15" count="3" type="stmt"/>
        <line num="22" count="3" type="stmt"/>
        <line num="23" count="2" type="stmt"/>
        <line num="30" count="2" type="stmt"/>
        <line num="31" count="6" type="stmt"/>
        <line num="32" count="4" type="stmt"/>
        <line num="36" count="4" type="cond" truecount="4" falsecount="0"/>
        <line num="37" count="1" type="stmt"/>
        <line num="40" count="3" type="stmt"/>
        <line num="41" count="1" type="stmt"/>
        <line num="44" count="2" type="stmt"/>
      </file>
      <file name="utils.ts" path="/home/runner/work/tic-tac-toe-mcts/tic-tac-toe-mcts/client/src/lib/utils.ts">
        <metrics statements="1" coveredstatements="1" conditionals="0" coveredconditionals="0" methods="1" coveredmethods="1"/>
        <line num="5" count="204" type="stmt"/>
      </file>
    </package>
    <package name="src.pages">
      <metrics statements="65" coveredstatements="61" conditionals="113" coveredconditionals="107" methods="17" coveredmethods="16"/>
      <file name="Game.tsx" path="/home/runner/work/tic-tac-toe-mcts/tic-tac-toe-mcts/client/src/pages/Game.tsx">
        <metrics statements="64" coveredstatements="60" conditionals="113" coveredconditionals="107" methods="16" coveredmethods="15"/>
        <line num="8" count="126" type="stmt"/>
        <line num="9" count="126" type="stmt"/>
        <line num="10" count="126" type="stmt"/>
        <line num="11" count="126" type="stmt"/>
        <line num="12" count="126" type="stmt"/>
        <line num="13" count="126" type="stmt"/>
        <line num="14" count="126" type="stmt"/>
        <line num="16" count="126" type="stmt"/>
        <line num="17" count="126" type="stmt"/>
        <line num="19" count="126" type="stmt"/>
        <line num="20" count="41" type="stmt"/>
        <line num="21" count="41" type="cond" truecount="2" falsecount="0"/>
        <line num="22" count="4" type="stmt"/>
        <line num="23" count="4" type="stmt"/>
        <line num="24" count="4" type="stmt"/>
        <line num="26" count="41" type="stmt"/>
        <line num="29" count="126" type="stmt"/>
        <line num="30" count="41" type="cond" truecount="3" falsecount="1"/>
        <line num="32" count="41" type="stmt"/>
        <line num="33" count="41" type="stmt"/>
        <line num="34" count="41" type="stmt"/>
        <line num="36" count="41" type="stmt"/>
        <line num="37" count="41" type="cond" truecount="2" falsecount="0"/>
        <line num="38" count="37" type="cond" truecount="2" falsecount="0"/>
        <line num="42" count="126" type="stmt"/>
        <line num="43" count="38" type="cond" truecount="3" falsecount="1"/>
        <line num="45" count="38" type="cond" truecount="4" falsecount="0"/>
        <line num="47" count="38" type="cond" truecount="1" falsecount="1"/>
        <line num="49" count="38" type="stmt"/>
        <line num="52" count="126" type="stmt"/>
        <line num="54" count="126" type="cond" truecount="1" falsecount="1"/>
        <line num="55" count="0" type="stmt"/>
        <line num="56" count="0" type="stmt"/>
        <line num="59" count="126" type="cond" truecount="4" falsecount="0"/>
        <line num="61" count="60" type="cond" truecount="4" falsecount="0"/>
        <line num="64" count="126" type="cond" truecount="2" falsecount="0"/>
        <line num="65" count="6" type="stmt"/>
        <line num="66" count="3" type="stmt"/>
        <line num="67" count="3" type="cond" truecount="1" falsecount="1"/>
        <line num="68" count="3" type="stmt"/>
        <line num="73" count="60" type="stmt"/>
        <line num="74" count="60" type="cond" truecount="2" falsecount="0"/>
        <line num="75" count="6" type="stmt"/>
        <line num="76" count="6" type="stmt"/>
        <line num="81" count="126" type="stmt"/>
        <line num="82" count="4" type="cond" truecount="1" falsecount="1"/>
        <line num="83" count="0" type="stmt"/>
        <line num="85" count="4" type="stmt"/>
        <line num="86" count="4" type="stmt"/>
        <line num="87" count="4" type="stmt"/>
        <line num="88" count="4" type="stmt"/>
        <line num="89" count="4" type="stmt"/>
        <line num="92" count="773" type="stmt"/>
        <line num="94" count="126" type="stmt"/>
        <line num="116" count="1" type="stmt"/>
        <line num="125" count="3" type="stmt"/>
        <line num="145" count="14" type="stmt"/>
        <line num="154" count="0" type="stmt"/>
        <line num="229" count="1134" type="stmt"/>
        <line num="230" count="1134" type="cond" truecount="4" falsecount="0"/>
        <line num="232" count="1134" type="cond" truecount="4" falsecount="0"/>
        <line num="234" count="1134" type="stmt"/>
        <line num="237" count="38" type="stmt"/>
        <line num="265" count="29" type="cond" truecount="2" falsecount="0"/>
      </file>
      <file name="not-found.tsx" path="/home/runner/work/tic-tac-toe-mcts/tic-tac-toe-mcts/client/src/pages/not-found.tsx">
        <metrics statements="1" coveredstatements="1" conditionals="0" coveredconditionals="0" methods="1" coveredmethods="1"/>
        <line num="5" count="2" type="stmt"/>
      </file>
    </package>
  </project>
</coverage>
