{"/home/runner/work/tic-tac-toe-mcts/tic-tac-toe-mcts/client/src/App.tsx": {"path":"/home/runner/work/tic-tac-toe-mcts/tic-tac-toe-mcts/client/src/App.tsx","statementMap":{"0":{"start":{"line":10,"column":2},"end":{"line":14,"column":null}},"1":{"start":{"line":19,"column":2},"end":{"line":25,"column":null}}},"fnMap":{"0":{"name":"Router","decl":{"start":{"line":9,"column":9},"end":{"line":9,"column":18}},"loc":{"start":{"line":9,"column":18},"end":{"line":16,"column":null}},"line":9},"1":{"name":"App","decl":{"start":{"line":18,"column":9},"end":{"line":18,"column":15}},"loc":{"start":{"line":18,"column":15},"end":{"line":27,"column":null}},"line":18}},"branchMap":{},"s":{"0":1,"1":1},"f":{"0":1,"1":1},"b":{},"meta":{"lastBranch":0,"lastFunction":2,"lastStatement":2,"seen":{"f:9:9:9:18":0,"s:10:2:14:Infinity":0,"f:18:9:18:15":1,"s:19:2:25:Infinity":1}}}
,"/home/runner/work/tic-tac-toe-mcts/tic-tac-toe-mcts/client/src/hooks/use-mobile.tsx": {"path":"/home/runner/work/tic-tac-toe-mcts/tic-tac-toe-mcts/client/src/hooks/use-mobile.tsx","statementMap":{"0":{"start":{"line":3,"column":26},"end":{"line":3,"column":null}},"1":{"start":{"line":6,"column":34},"end":{"line":6,"column":null}},"2":{"start":{"line":8,"column":2},"end":{"line":16,"column":null}},"3":{"start":{"line":9,"column":16},"end":{"line":9,"column":null}},"4":{"start":{"line":10,"column":21},"end":{"line":12,"column":null}},"5":{"start":{"line":11,"column":6},"end":{"line":11,"column":null}},"6":{"start":{"line":13,"column":4},"end":{"line":13,"column":null}},"7":{"start":{"line":14,"column":4},"end":{"line":14,"column":null}},"8":{"start":{"line":15,"column":4},"end":{"line":15,"column":null}},"9":{"start":{"line":15,"column":17},"end":{"line":15,"column":null}},"10":{"start":{"line":18,"column":2},"end":{"line":18,"column":null}}},"fnMap":{"0":{"name":"useIsMobile","decl":{"start":{"line":5,"column":16},"end":{"line":5,"column":30}},"loc":{"start":{"line":5,"column":30},"end":{"line":19,"column":null}},"line":5},"1":{"name":"(anonymous_1)","decl":{"start":{"line":8,"column":18},"end":{"line":8,"column":24}},"loc":{"start":{"line":8,"column":24},"end":{"line":16,"column":5}},"line":8},"2":{"name":"(anonymous_2)","decl":{"start":{"line":10,"column":21},"end":{"line":10,"column":27}},"loc":{"start":{"line":10,"column":27},"end":{"line":12,"column":null}},"line":10},"3":{"name":"(anonymous_3)","decl":{"start":{"line":15,"column":11},"end":{"line":15,"column":17}},"loc":{"start":{"line":15,"column":17},"end":{"line":15,"column":null}},"line":15}},"branchMap":{},"s":{"0":1,"1":9,"2":9,"3":4,"4":4,"5":1,"6":4,"7":4,"8":4,"9":4,"10":9},"f":{"0":9,"1":4,"2":1,"3":4},"b":{},"meta":{"lastBranch":0,"lastFunction":4,"lastStatement":11,"seen":{"s:3:26:3:Infinity":0,"f:5:16:5:30":0,"s:6:34:6:Infinity":1,"s:8:2:16:Infinity":2,"f:8:18:8:24":1,"s:9:16:9:Infinity":3,"s:10:21:12:Infinity":4,"f:10:21:10:27":2,"s:11:6:11:Infinity":5,"s:13:4:13:Infinity":6,"s:14:4:14:Infinity":7,"s:15:4:15:Infinity":8,"f:15:11:15:17":3,"s:15:17:15:Infinity":9,"s:18:2:18:Infinity":10}}}
,"/home/runner/work/tic-tac-toe-mcts/tic-tac-toe-mcts/client/src/hooks/use-toast.ts": {"path":"/home/runner/work/tic-tac-toe-mcts/tic-tac-toe-mcts/client/src/hooks/use-toast.ts","statementMap":{"0":{"start":{"line":8,"column":20},"end":{"line":8,"column":null}},"1":{"start":{"line":9,"column":27},"end":{"line":9,"column":null}},"2":{"start":{"line":18,"column":20},"end":{"line":23,"column":null}},"3":{"start":{"line":25,"column":12},"end":{"line":25,"column":null}},"4":{"start":{"line":28,"column":2},"end":{"line":28,"column":null}},"5":{"start":{"line":29,"column":2},"end":{"line":29,"column":null}},"6":{"start":{"line":56,"column":22},"end":{"line":56,"column":null}},"7":{"start":{"line":58,"column":25},"end":{"line":72,"column":null}},"8":{"start":{"line":59,"column":2},"end":{"line":61,"column":null}},"9":{"start":{"line":60,"column":4},"end":{"line":60,"column":null}},"10":{"start":{"line":63,"column":18},"end":{"line":69,"column":null}},"11":{"start":{"line":64,"column":4},"end":{"line":64,"column":null}},"12":{"start":{"line":65,"column":4},"end":{"line":68,"column":null}},"13":{"start":{"line":71,"column":2},"end":{"line":71,"column":null}},"14":{"start":{"line":74,"column":23},"end":{"line":127,"column":null}},"15":{"start":{"line":75,"column":2},"end":{"line":126,"column":null}},"16":{"start":{"line":77,"column":6},"end":{"line":80,"column":null}},"17":{"start":{"line":83,"column":6},"end":{"line":88,"column":null}},"18":{"start":{"line":86,"column":10},"end":{"line":86,"column":null}},"19":{"start":{"line":91,"column":26},"end":{"line":91,"column":null}},"20":{"start":{"line":95,"column":6},"end":{"line":101,"column":null}},"21":{"start":{"line":96,"column":8},"end":{"line":96,"column":null}},"22":{"start":{"line":98,"column":8},"end":{"line":100,"column":null}},"23":{"start":{"line":99,"column":10},"end":{"line":99,"column":null}},"24":{"start":{"line":103,"column":6},"end":{"line":113,"column":null}},"25":{"start":{"line":106,"column":10},"end":{"line":111,"column":null}},"26":{"start":{"line":116,"column":6},"end":{"line":121,"column":null}},"27":{"start":{"line":117,"column":8},"end":{"line":120,"column":null}},"28":{"start":{"line":122,"column":6},"end":{"line":125,"column":null}},"29":{"start":{"line":124,"column":43},"end":{"line":124,"column":66}},"30":{"start":{"line":129,"column":49},"end":{"line":129,"column":null}},"31":{"start":{"line":131,"column":25},"end":{"line":131,"column":null}},"32":{"start":{"line":134,"column":2},"end":{"line":134,"column":null}},"33":{"start":{"line":135,"column":2},"end":{"line":137,"column":null}},"34":{"start":{"line":136,"column":4},"end":{"line":136,"column":null}},"35":{"start":{"line":143,"column":13},"end":{"line":143,"column":null}},"36":{"start":{"line":145,"column":17},"end":{"line":149,"column":null}},"37":{"start":{"line":146,"column":4},"end":{"line":149,"column":null}},"38":{"start":{"line":150,"column":18},"end":{"line":150,"column":null}},"39":{"start":{"line":150,"column":24},"end":{"line":150,"column":null}},"40":{"start":{"line":152,"column":2},"end":{"line":162,"column":null}},"41":{"start":{"line":159,"column":8},"end":{"line":159,"column":null}},"42":{"start":{"line":159,"column":19},"end":{"line":159,"column":null}},"43":{"start":{"line":164,"column":2},"end":{"line":168,"column":null}},"44":{"start":{"line":172,"column":28},"end":{"line":172,"column":null}},"45":{"start":{"line":174,"column":2},"end":{"line":182,"column":null}},"46":{"start":{"line":175,"column":4},"end":{"line":175,"column":null}},"47":{"start":{"line":176,"column":4},"end":{"line":181,"column":null}},"48":{"start":{"line":177,"column":20},"end":{"line":177,"column":null}},"49":{"start":{"line":178,"column":6},"end":{"line":180,"column":null}},"50":{"start":{"line":179,"column":8},"end":{"line":179,"column":null}},"51":{"start":{"line":184,"column":2},"end":{"line":188,"column":null}},"52":{"start":{"line":187,"column":35},"end":{"line":187,"column":null}}},"fnMap":{"0":{"name":"genId","decl":{"start":{"line":27,"column":9},"end":{"line":27,"column":17}},"loc":{"start":{"line":27,"column":17},"end":{"line":30,"column":null}},"line":27},"1":{"name":"(anonymous_1)","decl":{"start":{"line":58,"column":25},"end":{"line":58,"column":26}},"loc":{"start":{"line":58,"column":46},"end":{"line":72,"column":null}},"line":58},"2":{"name":"(anonymous_2)","decl":{"start":{"line":63,"column":29},"end":{"line":63,"column":35}},"loc":{"start":{"line":63,"column":35},"end":{"line":69,"column":5}},"line":63},"3":{"name":"(anonymous_3)","decl":{"start":{"line":74,"column":23},"end":{"line":74,"column":24}},"loc":{"start":{"line":74,"column":64},"end":{"line":127,"column":null}},"line":74},"4":{"name":"(anonymous_4)","decl":{"start":{"line":85,"column":33},"end":{"line":85,"column":34}},"loc":{"start":{"line":86,"column":10},"end":{"line":86,"column":null}},"line":86},"5":{"name":"(anonymous_5)","decl":{"start":{"line":98,"column":29},"end":{"line":98,"column":30}},"loc":{"start":{"line":98,"column":40},"end":{"line":100,"column":9}},"line":98},"6":{"name":"(anonymous_6)","decl":{"start":{"line":105,"column":33},"end":{"line":105,"column":34}},"loc":{"start":{"line":106,"column":10},"end":{"line":111,"column":null}},"line":106},"7":{"name":"(anonymous_7)","decl":{"start":{"line":124,"column":36},"end":{"line":124,"column":37}},"loc":{"start":{"line":124,"column":43},"end":{"line":124,"column":66}},"line":124},"8":{"name":"dispatch","decl":{"start":{"line":133,"column":9},"end":{"line":133,"column":18}},"loc":{"start":{"line":133,"column":34},"end":{"line":138,"column":null}},"line":133},"9":{"name":"(anonymous_9)","decl":{"start":{"line":135,"column":20},"end":{"line":135,"column":21}},"loc":{"start":{"line":135,"column":34},"end":{"line":137,"column":3}},"line":135},"10":{"name":"toast","decl":{"start":{"line":142,"column":9},"end":{"line":142,"column":15}},"loc":{"start":{"line":142,"column":36},"end":{"line":169,"column":null}},"line":142},"11":{"name":"(anonymous_11)","decl":{"start":{"line":145,"column":17},"end":{"line":145,"column":18}},"loc":{"start":{"line":146,"column":4},"end":{"line":149,"column":null}},"line":146},"12":{"name":"(anonymous_12)","decl":{"start":{"line":150,"column":18},"end":{"line":150,"column":24}},"loc":{"start":{"line":150,"column":24},"end":{"line":150,"column":null}},"line":150},"13":{"name":"(anonymous_13)","decl":{"start":{"line":158,"column":20},"end":{"line":158,"column":21}},"loc":{"start":{"line":158,"column":30},"end":{"line":160,"column":null}},"line":158},"14":{"name":"useToast","decl":{"start":{"line":171,"column":9},"end":{"line":171,"column":20}},"loc":{"start":{"line":171,"column":20},"end":{"line":189,"column":null}},"line":171},"15":{"name":"(anonymous_15)","decl":{"start":{"line":174,"column":18},"end":{"line":174,"column":24}},"loc":{"start":{"line":174,"column":24},"end":{"line":182,"column":5}},"line":174},"16":{"name":"(anonymous_16)","decl":{"start":{"line":176,"column":11},"end":{"line":176,"column":17}},"loc":{"start":{"line":176,"column":17},"end":{"line":181,"column":null}},"line":176},"17":{"name":"(anonymous_17)","decl":{"start":{"line":187,"column":13},"end":{"line":187,"column":14}},"loc":{"start":{"line":187,"column":35},"end":{"line":187,"column":null}},"line":187}},"branchMap":{"0":{"loc":{"start":{"line":59,"column":2},"end":{"line":61,"column":null}},"type":"if","locations":[{"start":{"line":59,"column":2},"end":{"line":61,"column":null}},{"start":{},"end":{}}],"line":59},"1":{"loc":{"start":{"line":75,"column":2},"end":{"line":126,"column":null}},"type":"switch","locations":[{"start":{"line":76,"column":4},"end":{"line":80,"column":null}},{"start":{"line":82,"column":4},"end":{"line":88,"column":null}},{"start":{"line":90,"column":4},"end":{"line":114,"column":null}},{"start":{"line":115,"column":4},"end":{"line":125,"column":null}}],"line":75},"2":{"loc":{"start":{"line":86,"column":10},"end":{"line":86,"column":null}},"type":"cond-expr","locations":[{"start":{"line":86,"column":37},"end":{"line":86,"column":65}},{"start":{"line":86,"column":65},"end":{"line":86,"column":null}}],"line":86},"3":{"loc":{"start":{"line":95,"column":6},"end":{"line":101,"column":null}},"type":"if","locations":[{"start":{"line":95,"column":6},"end":{"line":101,"column":null}},{"start":{"line":97,"column":13},"end":{"line":101,"column":null}}],"line":95},"4":{"loc":{"start":{"line":106,"column":10},"end":{"line":111,"column":null}},"type":"cond-expr","locations":[{"start":{"line":107,"column":14},"end":{"line":110,"column":null}},{"start":{"line":111,"column":14},"end":{"line":111,"column":null}}],"line":106},"5":{"loc":{"start":{"line":106,"column":10},"end":{"line":106,"column":null}},"type":"binary-expr","locations":[{"start":{"line":106,"column":10},"end":{"line":106,"column":30}},{"start":{"line":106,"column":30},"end":{"line":106,"column":null}}],"line":106},"6":{"loc":{"start":{"line":116,"column":6},"end":{"line":121,"column":null}},"type":"if","locations":[{"start":{"line":116,"column":6},"end":{"line":121,"column":null}},{"start":{},"end":{}}],"line":116},"7":{"loc":{"start":{"line":159,"column":8},"end":{"line":159,"column":null}},"type":"if","locations":[{"start":{"line":159,"column":8},"end":{"line":159,"column":null}},{"start":{},"end":{}}],"line":159},"8":{"loc":{"start":{"line":178,"column":6},"end":{"line":180,"column":null}},"type":"if","locations":[{"start":{"line":178,"column":6},"end":{"line":180,"column":null}},{"start":{},"end":{}}],"line":178}},"s":{"0":2,"1":2,"2":2,"3":2,"4":6,"5":6,"6":2,"7":2,"8":7,"9":1,"10":6,"11":0,"12":0,"13":6,"14":2,"15":19,"16":8,"17":3,"18":3,"19":6,"20":6,"21":4,"22":2,"23":3,"24":6,"25":7,"26":2,"27":1,"28":1,"29":1,"30":2,"31":2,"32":11,"33":11,"34":11,"35":6,"36":6,"37":1,"38":6,"39":2,"40":6,"41":1,"42":1,"43":6,"44":18,"45":18,"46":18,"47":18,"48":18,"49":18,"50":18,"51":18,"52":2},"f":{"0":6,"1":7,"2":0,"3":19,"4":3,"5":3,"6":7,"7":1,"8":11,"9":11,"10":6,"11":1,"12":2,"13":1,"14":18,"15":18,"16":18,"17":2},"b":{"0":[1,6],"1":[8,3,6,2],"2":[2,1],"3":[4,2],"4":[7,0],"5":[7,3],"6":[1,1],"7":[1,0],"8":[18,0]},"meta":{"lastBranch":9,"lastFunction":18,"lastStatement":53,"seen":{"s:8:20:8:Infinity":0,"s:9:27:9:Infinity":1,"s:18:20:23:Infinity":2,"s:25:12:25:Infinity":3,"f:27:9:27:17":0,"s:28:2:28:Infinity":4,"s:29:2:29:Infinity":5,"s:56:22:56:Infinity":6,"s:58:25:72:Infinity":7,"f:58:25:58:26":1,"b:59:2:61:Infinity:undefined:undefined:undefined:undefined":0,"s:59:2:61:Infinity":8,"s:60:4:60:Infinity":9,"s:63:18:69:Infinity":10,"f:63:29:63:35":2,"s:64:4:64:Infinity":11,"s:65:4:68:Infinity":12,"s:71:2:71:Infinity":13,"s:74:23:127:Infinity":14,"f:74:23:74:24":3,"b:76:4:80:Infinity:82:4:88:Infinity:90:4:114:Infinity:115:4:125:Infinity":1,"s:75:2:126:Infinity":15,"s:77:6:80:Infinity":16,"s:83:6:88:Infinity":17,"f:85:33:85:34":4,"s:86:10:86:Infinity":18,"b:86:37:86:65:86:65:86:Infinity":2,"s:91:26:91:Infinity":19,"b:95:6:101:Infinity:97:13:101:Infinity":3,"s:95:6:101:Infinity":20,"s:96:8:96:Infinity":21,"s:98:8:100:Infinity":22,"f:98:29:98:30":5,"s:99:10:99:Infinity":23,"s:103:6:113:Infinity":24,"f:105:33:105:34":6,"s:106:10:111:Infinity":25,"b:107:14:110:Infinity:111:14:111:Infinity":4,"b:106:10:106:30:106:30:106:Infinity":5,"b:116:6:121:Infinity:undefined:undefined:undefined:undefined":6,"s:116:6:121:Infinity":26,"s:117:8:120:Infinity":27,"s:122:6:125:Infinity":28,"f:124:36:124:37":7,"s:124:43:124:66":29,"s:129:49:129:Infinity":30,"s:131:25:131:Infinity":31,"f:133:9:133:18":8,"s:134:2:134:Infinity":32,"s:135:2:137:Infinity":33,"f:135:20:135:21":9,"s:136:4:136:Infinity":34,"f:142:9:142:15":10,"s:143:13:143:Infinity":35,"s:145:17:149:Infinity":36,"f:145:17:145:18":11,"s:146:4:149:Infinity":37,"s:150:18:150:Infinity":38,"f:150:18:150:24":12,"s:150:24:150:Infinity":39,"s:152:2:162:Infinity":40,"f:158:20:158:21":13,"b:159:8:159:Infinity:undefined:undefined:undefined:undefined":7,"s:159:8:159:Infinity":41,"s:159:19:159:Infinity":42,"s:164:2:168:Infinity":43,"f:171:9:171:20":14,"s:172:28:172:Infinity":44,"s:174:2:182:Infinity":45,"f:174:18:174:24":15,"s:175:4:175:Infinity":46,"s:176:4:181:Infinity":47,"f:176:11:176:17":16,"s:177:20:177:Infinity":48,"b:178:6:180:Infinity:undefined:undefined:undefined:undefined":8,"s:178:6:180:Infinity":49,"s:179:8:179:Infinity":50,"s:184:2:188:Infinity":51,"f:187:13:187:14":17,"s:187:35:187:Infinity":52}}}
,"/home/runner/work/tic-tac-toe-mcts/tic-tac-toe-mcts/client/src/lib/mcts.ts": {"path":"/home/runner/work/tic-tac-toe-mcts/tic-tac-toe-mcts/client/src/lib/mcts.ts","statementMap":{"0":{"start":{"line":4,"column":18},"end":{"line":8,"column":null}},"1":{"start":{"line":12,"column":2},"end":{"line":16,"column":null}},"2":{"start":{"line":13,"column":4},"end":{"line":15,"column":null}},"3":{"start":{"line":14,"column":6},"end":{"line":14,"column":null}},"4":{"start":{"line":17,"column":2},"end":{"line":17,"column":null}},"5":{"start":{"line":17,"column":29},"end":{"line":17,"column":null}},"6":{"start":{"line":18,"column":2},"end":{"line":18,"column":null}},"7":{"start":{"line":23,"column":2},"end":{"line":28,"column":null}},"8":{"start":{"line":24,"column":22},"end":{"line":24,"column":null}},"9":{"start":{"line":25,"column":4},"end":{"line":27,"column":null}},"10":{"start":{"line":26,"column":6},"end":{"line":26,"column":null}},"11":{"start":{"line":29,"column":2},"end":{"line":29,"column":null}},"12":{"start":{"line":33,"column":26},"end":{"line":33,"column":null}},"13":{"start":{"line":34,"column":2},"end":{"line":36,"column":null}},"14":{"start":{"line":34,"column":15},"end":{"line":34,"column":18}},"15":{"start":{"line":35,"column":4},"end":{"line":35,"column":null}},"16":{"start":{"line":35,"column":27},"end":{"line":35,"column":null}},"17":{"start":{"line":37,"column":2},"end":{"line":37,"column":null}},"18":{"start":{"line":51,"column":4},"end":{"line":51,"column":null}},"19":{"start":{"line":52,"column":4},"end":{"line":52,"column":null}},"20":{"start":{"line":53,"column":4},"end":{"line":53,"column":null}},"21":{"start":{"line":54,"column":4},"end":{"line":54,"column":null}},"22":{"start":{"line":55,"column":4},"end":{"line":55,"column":null}},"23":{"start":{"line":56,"column":4},"end":{"line":56,"column":null}},"24":{"start":{"line":57,"column":4},"end":{"line":57,"column":null}},"25":{"start":{"line":58,"column":4},"end":{"line":58,"column":null}},"26":{"start":{"line":62,"column":4},"end":{"line":62,"column":null}},"27":{"start":{"line":66,"column":4},"end":{"line":66,"column":null}},"28":{"start":{"line":70,"column":22},"end":{"line":70,"column":null}},"29":{"start":{"line":71,"column":17},"end":{"line":71,"column":null}},"30":{"start":{"line":73,"column":22},"end":{"line":73,"column":null}},"31":{"start":{"line":74,"column":4},"end":{"line":74,"column":null}},"32":{"start":{"line":76,"column":23},"end":{"line":76,"column":null}},"33":{"start":{"line":77,"column":22},"end":{"line":77,"column":null}},"34":{"start":{"line":78,"column":4},"end":{"line":78,"column":null}},"35":{"start":{"line":79,"column":4},"end":{"line":79,"column":null}},"36":{"start":{"line":84,"column":21},"end":{"line":84,"column":null}},"37":{"start":{"line":85,"column":22},"end":{"line":85,"column":null}},"38":{"start":{"line":87,"column":2},"end":{"line":99,"column":null}},"39":{"start":{"line":88,"column":19},"end":{"line":88,"column":null}},"40":{"start":{"line":89,"column":4},"end":{"line":93,"column":null}},"41":{"start":{"line":90,"column":6},"end":{"line":90,"column":null}},"42":{"start":{"line":90,"column":29},"end":{"line":90,"column":null}},"43":{"start":{"line":91,"column":6},"end":{"line":91,"column":null}},"44":{"start":{"line":91,"column":31},"end":{"line":91,"column":null}},"45":{"start":{"line":92,"column":6},"end":{"line":92,"column":null}},"46":{"start":{"line":95,"column":18},"end":{"line":95,"column":null}},"47":{"start":{"line":96,"column":23},"end":{"line":96,"column":null}},"48":{"start":{"line":97,"column":4},"end":{"line":97,"column":null}},"49":{"start":{"line":98,"column":4},"end":{"line":98,"column":null}},"50":{"start":{"line":103,"column":29},"end":{"line":103,"column":null}},"51":{"start":{"line":104,"column":2},"end":{"line":108,"column":null}},"52":{"start":{"line":105,"column":4},"end":{"line":105,"column":null}},"53":{"start":{"line":106,"column":4},"end":{"line":106,"column":null}},"54":{"start":{"line":107,"column":4},"end":{"line":107,"column":null}},"55":{"start":{"line":120,"column":25},"end":{"line":120,"column":null}},"56":{"start":{"line":121,"column":2},"end":{"line":121,"column":null}},"57":{"start":{"line":121,"column":35},"end":{"line":121,"column":null}},"58":{"start":{"line":122,"column":2},"end":{"line":122,"column":null}},"59":{"start":{"line":122,"column":35},"end":{"line":122,"column":null}},"60":{"start":{"line":124,"column":15},"end":{"line":124,"column":null}},"61":{"start":{"line":126,"column":2},"end":{"line":144,"column":null}},"62":{"start":{"line":126,"column":15},"end":{"line":126,"column":18}},"63":{"start":{"line":127,"column":15},"end":{"line":127,"column":null}},"64":{"start":{"line":130,"column":4},"end":{"line":132,"column":null}},"65":{"start":{"line":131,"column":6},"end":{"line":131,"column":null}},"66":{"start":{"line":135,"column":4},"end":{"line":137,"column":null}},"67":{"start":{"line":136,"column":6},"end":{"line":136,"column":null}},"68":{"start":{"line":140,"column":19},"end":{"line":140,"column":null}},"69":{"start":{"line":143,"column":4},"end":{"line":143,"column":null}},"70":{"start":{"line":147,"column":18},"end":{"line":147,"column":null}},"71":{"start":{"line":148,"column":32},"end":{"line":148,"column":null}},"72":{"start":{"line":149,"column":2},"end":{"line":154,"column":null}},"73":{"start":{"line":150,"column":4},"end":{"line":153,"column":null}},"74":{"start":{"line":151,"column":6},"end":{"line":151,"column":null}},"75":{"start":{"line":152,"column":6},"end":{"line":152,"column":null}},"76":{"start":{"line":156,"column":2},"end":{"line":156,"column":null}},"77":{"start":{"line":160,"column":18},"end":{"line":160,"column":null}},"78":{"start":{"line":161,"column":26},"end":{"line":161,"column":null}},"79":{"start":{"line":164,"column":21},"end":{"line":164,"column":null}},"80":{"start":{"line":166,"column":2},"end":{"line":183,"column":null}},"81":{"start":{"line":168,"column":23},"end":{"line":168,"column":null}},"82":{"start":{"line":170,"column":4},"end":{"line":173,"column":null}},"83":{"start":{"line":172,"column":6},"end":{"line":172,"column":null}},"84":{"start":{"line":175,"column":17},"end":{"line":175,"column":null}},"85":{"start":{"line":177,"column":4},"end":{"line":182,"column":null}},"86":{"start":{"line":178,"column":6},"end":{"line":178,"column":null}},"87":{"start":{"line":179,"column":6},"end":{"line":179,"column":null}},"88":{"start":{"line":180,"column":4},"end":{"line":182,"column":null}},"89":{"start":{"line":181,"column":6},"end":{"line":181,"column":null}},"90":{"start":{"line":185,"column":2},"end":{"line":185,"column":null}}},"fnMap":{"0":{"name":"checkWinner","decl":{"start":{"line":11,"column":16},"end":{"line":11,"column":28}},"loc":{"start":{"line":11,"column":66},"end":{"line":19,"column":null}},"line":11},"1":{"name":"getWinningLine","decl":{"start":{"line":22,"column":16},"end":{"line":22,"column":31}},"loc":{"start":{"line":22,"column":62},"end":{"line":30,"column":null}},"line":22},"2":{"name":"getAvailableMoves","decl":{"start":{"line":32,"column":9},"end":{"line":32,"column":27}},"loc":{"start":{"line":32,"column":51},"end":{"line":38,"column":null}},"line":32},"3":{"name":"(anonymous_3)","decl":{"start":{"line":50,"column":2},"end":{"line":50,"column":14}},"loc":{"start":{"line":50,"column":103},"end":{"line":59,"column":null}},"line":50},"4":{"name":"(anonymous_4)","decl":{"start":{"line":61,"column":2},"end":{"line":61,"column":29}},"loc":{"start":{"line":61,"column":29},"end":{"line":63,"column":null}},"line":61},"5":{"name":"(anonymous_5)","decl":{"start":{"line":65,"column":2},"end":{"line":65,"column":24}},"loc":{"start":{"line":65,"column":24},"end":{"line":67,"column":null}},"line":65},"6":{"name":"(anonymous_6)","decl":{"start":{"line":69,"column":2},"end":{"line":69,"column":17}},"loc":{"start":{"line":69,"column":17},"end":{"line":80,"column":null}},"line":69},"7":{"name":"simulate","decl":{"start":{"line":83,"column":9},"end":{"line":83,"column":18}},"loc":{"start":{"line":83,"column":84},"end":{"line":100,"column":null}},"line":83},"8":{"name":"backpropagate","decl":{"start":{"line":102,"column":9},"end":{"line":102,"column":23}},"loc":{"start":{"line":102,"column":51},"end":{"line":109,"column":null}},"line":102},"9":{"name":"getBestMoveMCTS","decl":{"start":{"line":119,"column":16},"end":{"line":119,"column":32}},"loc":{"start":{"line":119,"column":108},"end":{"line":157,"column":null}},"line":119},"10":{"name":"getBestChildPerspective","decl":{"start":{"line":159,"column":9},"end":{"line":159,"column":33}},"loc":{"start":{"line":159,"column":91},"end":{"line":186,"column":null}},"line":159}},"branchMap":{"0":{"loc":{"start":{"line":13,"column":4},"end":{"line":15,"column":null}},"type":"if","locations":[{"start":{"line":13,"column":4},"end":{"line":15,"column":null}},{"start":{},"end":{}}],"line":13},"1":{"loc":{"start":{"line":13,"column":8},"end":{"line":13,"column":68}},"type":"binary-expr","locations":[{"start":{"line":13,"column":8},"end":{"line":13,"column":20}},{"start":{"line":13,"column":20},"end":{"line":13,"column":45}},{"start":{"line":13,"column":45},"end":{"line":13,"column":68}}],"line":13},"2":{"loc":{"start":{"line":17,"column":2},"end":{"line":17,"column":null}},"type":"if","locations":[{"start":{"line":17,"column":2},"end":{"line":17,"column":null}},{"start":{},"end":{}}],"line":17},"3":{"loc":{"start":{"line":25,"column":4},"end":{"line":27,"column":null}},"type":"if","locations":[{"start":{"line":25,"column":4},"end":{"line":27,"column":null}},{"start":{},"end":{}}],"line":25},"4":{"loc":{"start":{"line":25,"column":8},"end":{"line":25,"column":68}},"type":"binary-expr","locations":[{"start":{"line":25,"column":8},"end":{"line":25,"column":20}},{"start":{"line":25,"column":20},"end":{"line":25,"column":45}},{"start":{"line":25,"column":45},"end":{"line":25,"column":68}}],"line":25},"5":{"loc":{"start":{"line":35,"column":4},"end":{"line":35,"column":null}},"type":"if","locations":[{"start":{"line":35,"column":4},"end":{"line":35,"column":null}},{"start":{},"end":{}}],"line":35},"6":{"loc":{"start":{"line":50,"column":47},"end":{"line":50,"column":75}},"type":"default-arg","locations":[{"start":{"line":50,"column":69},"end":{"line":50,"column":75}}],"line":50},"7":{"loc":{"start":{"line":50,"column":75},"end":{"line":50,"column":103}},"type":"default-arg","locations":[{"start":{"line":50,"column":97},"end":{"line":50,"column":103}}],"line":50},"8":{"loc":{"start":{"line":76,"column":23},"end":{"line":76,"column":null}},"type":"cond-expr","locations":[{"start":{"line":76,"column":45},"end":{"line":76,"column":51}},{"start":{"line":76,"column":51},"end":{"line":76,"column":null}}],"line":76},"9":{"loc":{"start":{"line":89,"column":4},"end":{"line":93,"column":null}},"type":"if","locations":[{"start":{"line":89,"column":4},"end":{"line":93,"column":null}},{"start":{},"end":{}}],"line":89},"10":{"loc":{"start":{"line":90,"column":6},"end":{"line":90,"column":null}},"type":"if","locations":[{"start":{"line":90,"column":6},"end":{"line":90,"column":null}},{"start":{},"end":{}}],"line":90},"11":{"loc":{"start":{"line":91,"column":6},"end":{"line":91,"column":null}},"type":"if","locations":[{"start":{"line":91,"column":6},"end":{"line":91,"column":null}},{"start":{},"end":{}}],"line":91},"12":{"loc":{"start":{"line":98,"column":20},"end":{"line":98,"column":null}},"type":"cond-expr","locations":[{"start":{"line":98,"column":44},"end":{"line":98,"column":50}},{"start":{"line":98,"column":50},"end":{"line":98,"column":null}}],"line":98},"13":{"loc":{"start":{"line":119,"column":46},"end":{"line":119,"column":73}},"type":"default-arg","locations":[{"start":{"line":119,"column":68},"end":{"line":119,"column":73}}],"line":119},"14":{"loc":{"start":{"line":119,"column":73},"end":{"line":119,"column":108}},"type":"default-arg","locations":[{"start":{"line":119,"column":94},"end":{"line":119,"column":108}}],"line":119},"15":{"loc":{"start":{"line":121,"column":2},"end":{"line":121,"column":null}},"type":"if","locations":[{"start":{"line":121,"column":2},"end":{"line":121,"column":null}},{"start":{},"end":{}}],"line":121},"16":{"loc":{"start":{"line":122,"column":2},"end":{"line":122,"column":null}},"type":"if","locations":[{"start":{"line":122,"column":2},"end":{"line":122,"column":null}},{"start":{},"end":{}}],"line":122},"17":{"loc":{"start":{"line":130,"column":11},"end":{"line":130,"column":57}},"type":"binary-expr","locations":[{"start":{"line":130,"column":11},"end":{"line":130,"column":33}},{"start":{"line":130,"column":33},"end":{"line":130,"column":57}}],"line":130},"18":{"loc":{"start":{"line":135,"column":4},"end":{"line":137,"column":null}},"type":"if","locations":[{"start":{"line":135,"column":4},"end":{"line":137,"column":null}},{"start":{},"end":{}}],"line":135},"19":{"loc":{"start":{"line":135,"column":8},"end":{"line":135,"column":55}},"type":"binary-expr","locations":[{"start":{"line":135,"column":8},"end":{"line":135,"column":30}},{"start":{"line":135,"column":30},"end":{"line":135,"column":55}}],"line":135},"20":{"loc":{"start":{"line":150,"column":4},"end":{"line":153,"column":null}},"type":"if","locations":[{"start":{"line":150,"column":4},"end":{"line":153,"column":null}},{"start":{},"end":{}}],"line":150},"21":{"loc":{"start":{"line":156,"column":9},"end":{"line":156,"column":null}},"type":"cond-expr","locations":[{"start":{"line":156,"column":29},"end":{"line":156,"column":40}},{"start":{"line":156,"column":40},"end":{"line":156,"column":null}}],"line":156},"22":{"loc":{"start":{"line":159,"column":66},"end":{"line":159,"column":91}},"type":"default-arg","locations":[{"start":{"line":159,"column":78},"end":{"line":159,"column":91}}],"line":159},"23":{"loc":{"start":{"line":170,"column":4},"end":{"line":173,"column":null}},"type":"if","locations":[{"start":{"line":170,"column":4},"end":{"line":173,"column":null}},{"start":{},"end":{}}],"line":170},"24":{"loc":{"start":{"line":177,"column":4},"end":{"line":182,"column":null}},"type":"if","locations":[{"start":{"line":177,"column":4},"end":{"line":182,"column":null}},{"start":{"line":180,"column":4},"end":{"line":182,"column":null}}],"line":177},"25":{"loc":{"start":{"line":180,"column":4},"end":{"line":182,"column":null}},"type":"if","locations":[{"start":{"line":180,"column":4},"end":{"line":182,"column":null}},{"start":{},"end":{}}],"line":180}},"s":{"0":3,"1":9061,"2":61217,"3":3219,"4":5842,"5":134,"6":5708,"7":14,"8":63,"9":63,"10":11,"11":3,"12":2451,"13":2451,"14":2451,"15":22059,"16":9368,"17":2451,"18":584,"19":584,"20":584,"21":584,"22":584,"23":584,"24":584,"25":584,"26":3808,"27":5648,"28":580,"29":580,"30":580,"31":580,"32":580,"33":580,"34":580,"35":580,"36":1500,"37":1500,"38":1500,"39":3361,"40":3361,"41":1500,"42":100,"43":1400,"44":1169,"45":231,"46":1861,"47":1861,"48":1861,"49":1861,"50":1500,"51":1500,"52":4728,"53":4728,"54":4728,"55":6,"56":6,"57":1,"58":5,"59":1,"60":4,"61":4,"62":4,"63":1500,"64":1500,"65":2648,"66":1500,"67":580,"68":1500,"69":1500,"70":4,"71":4,"72":4,"73":25,"74":7,"75":7,"76":4,"77":2648,"78":2648,"79":2648,"80":2648,"81":13156,"82":13156,"83":3811,"84":13156,"85":13156,"86":5018,"87":5018,"88":8138,"89":751,"90":2648},"f":{"0":9061,"1":14,"2":2451,"3":584,"4":3808,"5":5648,"6":580,"7":1500,"8":1500,"9":6,"10":2648},"b":{"0":[3219,57998],"1":[61217,42063,17387],"2":[134,5708],"3":[11,52],"4":[63,41,19],"5":[9368,12691],"6":[584],"7":[584],"8":[350,230],"9":[1500,1861],"10":[100,1400],"11":[1169,231],"12":[925,936],"13":[6],"14":[6],"15":[1,5],"16":[1,4],"17":[1500,3228],"18":[580,920],"19":[1500,580],"20":[7,18],"21":[4,0],"22":[2648],"23":[3811,9345],"24":[5018,8138],"25":[751,7387]},"meta":{"lastBranch":26,"lastFunction":11,"lastStatement":91,"seen":{"s:4:18:8:Infinity":0,"f:11:16:11:28":0,"s:12:2:16:Infinity":1,"b:13:4:15:Infinity:undefined:undefined:undefined:undefined":0,"s:13:4:15:Infinity":2,"b:13:8:13:20:13:20:13:45:13:45:13:68":1,"s:14:6:14:Infinity":3,"b:17:2:17:Infinity:undefined:undefined:undefined:undefined":2,"s:17:2:17:Infinity":4,"s:17:29:17:Infinity":5,"s:18:2:18:Infinity":6,"f:22:16:22:31":1,"s:23:2:28:Infinity":7,"s:24:22:24:Infinity":8,"b:25:4:27:Infinity:undefined:undefined:undefined:undefined":3,"s:25:4:27:Infinity":9,"b:25:8:25:20:25:20:25:45:25:45:25:68":4,"s:26:6:26:Infinity":10,"s:29:2:29:Infinity":11,"f:32:9:32:27":2,"s:33:26:33:Infinity":12,"s:34:2:36:Infinity":13,"s:34:15:34:18":14,"b:35:4:35:Infinity:undefined:undefined:undefined:undefined":5,"s:35:4:35:Infinity":15,"s:35:27:35:Infinity":16,"s:37:2:37:Infinity":17,"f:50:2:50:14":3,"b:50:69:50:75":6,"b:50:97:50:103":7,"s:51:4:51:Infinity":18,"s:52:4:52:Infinity":19,"s:53:4:53:Infinity":20,"s:54:4:54:Infinity":21,"s:55:4:55:Infinity":22,"s:56:4:56:Infinity":23,"s:57:4:57:Infinity":24,"s:58:4:58:Infinity":25,"f:61:2:61:29":4,"s:62:4:62:Infinity":26,"f:65:2:65:24":5,"s:66:4:66:Infinity":27,"f:69:2:69:17":6,"s:70:22:70:Infinity":28,"s:71:17:71:Infinity":29,"s:73:22:73:Infinity":30,"s:74:4:74:Infinity":31,"s:76:23:76:Infinity":32,"b:76:45:76:51:76:51:76:Infinity":8,"s:77:22:77:Infinity":33,"s:78:4:78:Infinity":34,"s:79:4:79:Infinity":35,"f:83:9:83:18":7,"s:84:21:84:Infinity":36,"s:85:22:85:Infinity":37,"s:87:2:99:Infinity":38,"s:88:19:88:Infinity":39,"b:89:4:93:Infinity:undefined:undefined:undefined:undefined":9,"s:89:4:93:Infinity":40,"b:90:6:90:Infinity:undefined:undefined:undefined:undefined":10,"s:90:6:90:Infinity":41,"s:90:29:90:Infinity":42,"b:91:6:91:Infinity:undefined:undefined:undefined:undefined":11,"s:91:6:91:Infinity":43,"s:91:31:91:Infinity":44,"s:92:6:92:Infinity":45,"s:95:18:95:Infinity":46,"s:96:23:96:Infinity":47,"s:97:4:97:Infinity":48,"s:98:4:98:Infinity":49,"b:98:44:98:50:98:50:98:Infinity":12,"f:102:9:102:23":8,"s:103:29:103:Infinity":50,"s:104:2:108:Infinity":51,"s:105:4:105:Infinity":52,"s:106:4:106:Infinity":53,"s:107:4:107:Infinity":54,"f:119:16:119:32":9,"b:119:68:119:73":13,"b:119:94:119:108":14,"s:120:25:120:Infinity":55,"b:121:2:121:Infinity:undefined:undefined:undefined:undefined":15,"s:121:2:121:Infinity":56,"s:121:35:121:Infinity":57,"b:122:2:122:Infinity:undefined:undefined:undefined:undefined":16,"s:122:2:122:Infinity":58,"s:122:35:122:Infinity":59,"s:124:15:124:Infinity":60,"s:126:2:144:Infinity":61,"s:126:15:126:18":62,"s:127:15:127:Infinity":63,"s:130:4:132:Infinity":64,"b:130:11:130:33:130:33:130:57":17,"s:131:6:131:Infinity":65,"b:135:4:137:Infinity:undefined:undefined:undefined:undefined":18,"s:135:4:137:Infinity":66,"b:135:8:135:30:135:30:135:55":19,"s:136:6:136:Infinity":67,"s:140:19:140:Infinity":68,"s:143:4:143:Infinity":69,"s:147:18:147:Infinity":70,"s:148:32:148:Infinity":71,"s:149:2:154:Infinity":72,"b:150:4:153:Infinity:undefined:undefined:undefined:undefined":20,"s:150:4:153:Infinity":73,"s:151:6:151:Infinity":74,"s:152:6:152:Infinity":75,"s:156:2:156:Infinity":76,"b:156:29:156:40:156:40:156:Infinity":21,"f:159:9:159:33":10,"b:159:78:159:91":22,"s:160:18:160:Infinity":77,"s:161:26:161:Infinity":78,"s:164:21:164:Infinity":79,"s:166:2:183:Infinity":80,"s:168:23:168:Infinity":81,"b:170:4:173:Infinity:undefined:undefined:undefined:undefined":23,"s:170:4:173:Infinity":82,"s:172:6:172:Infinity":83,"s:175:17:175:Infinity":84,"b:177:4:182:Infinity:180:4:182:Infinity":24,"s:177:4:182:Infinity":85,"s:178:6:178:Infinity":86,"s:179:6:179:Infinity":87,"b:180:4:182:Infinity:undefined:undefined:undefined:undefined":25,"s:180:4:182:Infinity":88,"s:181:6:181:Infinity":89,"s:185:2:185:Infinity":90}}}
,"/home/runner/work/tic-tac-toe-mcts/tic-tac-toe-mcts/client/src/lib/queryClient.ts": {"path":"/home/runner/work/tic-tac-toe-mcts/tic-tac-toe-mcts/client/src/lib/queryClient.ts","statementMap":{"0":{"start":{"line":4,"column":2},"end":{"line":7,"column":null}},"1":{"start":{"line":5,"column":18},"end":{"line":5,"column":null}},"2":{"start":{"line":6,"column":4},"end":{"line":6,"column":null}},"3":{"start":{"line":15,"column":14},"end":{"line":20,"column":null}},"4":{"start":{"line":22,"column":2},"end":{"line":22,"column":null}},"5":{"start":{"line":23,"column":2},"end":{"line":23,"column":null}},"6":{"start":{"line":30,"column":2},"end":{"line":42,"column":null}},"7":{"start":{"line":31,"column":2},"end":{"line":42,"column":null}},"8":{"start":{"line":32,"column":16},"end":{"line":34,"column":null}},"9":{"start":{"line":36,"column":4},"end":{"line":38,"column":null}},"10":{"start":{"line":37,"column":6},"end":{"line":37,"column":null}},"11":{"start":{"line":40,"column":4},"end":{"line":40,"column":null}},"12":{"start":{"line":41,"column":4},"end":{"line":41,"column":null}},"13":{"start":{"line":44,"column":27},"end":{"line":57,"column":null}}},"fnMap":{"0":{"name":"throwIfResNotOk","decl":{"start":{"line":3,"column":15},"end":{"line":3,"column":31}},"loc":{"start":{"line":3,"column":46},"end":{"line":8,"column":null}},"line":3},"1":{"name":"apiRequest","decl":{"start":{"line":10,"column":22},"end":{"line":10,"column":null}},"loc":{"start":{"line":14,"column":21},"end":{"line":24,"column":null}},"line":14},"2":{"name":"(anonymous_2)","decl":{"start":{"line":30,"column":2},"end":{"line":30,"column":3}},"loc":{"start":{"line":31,"column":2},"end":{"line":42,"column":null}},"line":31},"3":{"name":"(anonymous_3)","decl":{"start":{"line":31,"column":2},"end":{"line":31,"column":9}},"loc":{"start":{"line":31,"column":26},"end":{"line":42,"column":null}},"line":31}},"branchMap":{"0":{"loc":{"start":{"line":4,"column":2},"end":{"line":7,"column":null}},"type":"if","locations":[{"start":{"line":4,"column":2},"end":{"line":7,"column":null}},{"start":{},"end":{}}],"line":4},"1":{"loc":{"start":{"line":5,"column":18},"end":{"line":5,"column":null}},"type":"binary-expr","locations":[{"start":{"line":5,"column":18},"end":{"line":5,"column":39}},{"start":{"line":5,"column":39},"end":{"line":5,"column":null}}],"line":5},"2":{"loc":{"start":{"line":17,"column":13},"end":{"line":17,"column":null}},"type":"cond-expr","locations":[{"start":{"line":17,"column":20},"end":{"line":17,"column":61}},{"start":{"line":17,"column":61},"end":{"line":17,"column":null}}],"line":17},"3":{"loc":{"start":{"line":18,"column":10},"end":{"line":18,"column":null}},"type":"cond-expr","locations":[{"start":{"line":18,"column":17},"end":{"line":18,"column":40}},{"start":{"line":18,"column":40},"end":{"line":18,"column":null}}],"line":18},"4":{"loc":{"start":{"line":36,"column":4},"end":{"line":38,"column":null}},"type":"if","locations":[{"start":{"line":36,"column":4},"end":{"line":38,"column":null}},{"start":{},"end":{}}],"line":36},"5":{"loc":{"start":{"line":36,"column":8},"end":{"line":36,"column":69}},"type":"binary-expr","locations":[{"start":{"line":36,"column":8},"end":{"line":36,"column":49}},{"start":{"line":36,"column":49},"end":{"line":36,"column":69}}],"line":36}},"s":{"0":6,"1":3,"2":3,"3":3,"4":3,"5":2,"6":2,"7":6,"8":4,"9":4,"10":1,"11":3,"12":1,"13":2},"f":{"0":6,"1":3,"2":6,"3":4},"b":{"0":[3,3],"1":[3,0],"2":[1,2],"3":[1,2],"4":[1,3],"5":[4,2]},"meta":{"lastBranch":6,"lastFunction":4,"lastStatement":14,"seen":{"f:3:15:3:31":0,"b:4:2:7:Infinity:undefined:undefined:undefined:undefined":0,"s:4:2:7:Infinity":0,"s:5:18:5:Infinity":1,"b:5:18:5:39:5:39:5:Infinity":1,"s:6:4:6:Infinity":2,"f:10:22:10:Infinity":1,"s:15:14:20:Infinity":3,"b:17:20:17:61:17:61:17:Infinity":2,"b:18:17:18:40:18:40:18:Infinity":3,"s:22:2:22:Infinity":4,"s:23:2:23:Infinity":5,"s:30:2:42:Infinity":6,"f:30:2:30:3":2,"s:31:2:42:Infinity":7,"f:31:2:31:9":3,"s:32:16:34:Infinity":8,"b:36:4:38:Infinity:undefined:undefined:undefined:undefined":4,"s:36:4:38:Infinity":9,"b:36:8:36:49:36:49:36:69":5,"s:37:6:37:Infinity":10,"s:40:4:40:Infinity":11,"s:41:4:41:Infinity":12,"s:44:27:57:Infinity":13}}}
,"/home/runner/work/tic-tac-toe-mcts/tic-tac-toe-mcts/client/src/lib/utils.ts": {"path":"/home/runner/work/tic-tac-toe-mcts/tic-tac-toe-mcts/client/src/lib/utils.ts","statementMap":{"0":{"start":{"line":5,"column":2},"end":{"line":5,"column":null}}},"fnMap":{"0":{"name":"cn","decl":{"start":{"line":4,"column":16},"end":{"line":4,"column":22}},"loc":{"start":{"line":4,"column":44},"end":{"line":6,"column":null}},"line":4}},"branchMap":{},"s":{"0":204},"f":{"0":204},"b":{},"meta":{"lastBranch":0,"lastFunction":1,"lastStatement":1,"seen":{"f:4:16:4:22":0,"s:5:2:5:Infinity":0}}}
,"/home/runner/work/tic-tac-toe-mcts/tic-tac-toe-mcts/client/src/pages/Game.tsx": {"path":"/home/runner/work/tic-tac-toe-mcts/tic-tac-toe-mcts/client/src/pages/Game.tsx","statementMap":{"0":{"start":{"line":8,"column":24},"end":{"line":8,"column":null}},"1":{"start":{"line":9,"column":40},"end":{"line":9,"column":null}},"2":{"start":{"line":10,"column":36},"end":{"line":10,"column":null}},"3":{"start":{"line":11,"column":36},"end":{"line":11,"column":null}},"4":{"start":{"line":12,"column":26},"end":{"line":12,"column":null}},"5":{"start":{"line":13,"column":36},"end":{"line":13,"column":null}},"6":{"start":{"line":14,"column":19},"end":{"line":14,"column":null}},"7":{"start":{"line":16,"column":32},"end":{"line":16,"column":null}},"8":{"start":{"line":17,"column":8},"end":{"line":17,"column":null}},"9":{"start":{"line":19,"column":8},"end":{"line":27,"column":null}},"10":{"start":{"line":20,"column":10},"end":{"line":20,"column":null}},"11":{"start":{"line":21,"column":4},"end":{"line":25,"column":null}},"12":{"start":{"line":22,"column":6},"end":{"line":22,"column":null}},"13":{"start":{"line":23,"column":6},"end":{"line":23,"column":null}},"14":{"start":{"line":24,"column":6},"end":{"line":24,"column":null}},"15":{"start":{"line":26,"column":4},"end":{"line":26,"column":null}},"16":{"start":{"line":29,"column":8},"end":{"line":40,"column":null}},"17":{"start":{"line":30,"column":4},"end":{"line":30,"column":null}},"18":{"start":{"line":30,"column":32},"end":{"line":30,"column":null}},"19":{"start":{"line":32,"column":21},"end":{"line":32,"column":null}},"20":{"start":{"line":33,"column":4},"end":{"line":33,"column":null}},"21":{"start":{"line":34,"column":4},"end":{"line":34,"column":null}},"22":{"start":{"line":36,"column":19},"end":{"line":36,"column":null}},"23":{"start":{"line":37,"column":4},"end":{"line":39,"column":null}},"24":{"start":{"line":38,"column":6},"end":{"line":38,"column":null}},"25":{"start":{"line":42,"column":26},"end":{"line":50,"column":null}},"26":{"start":{"line":43,"column":4},"end":{"line":43,"column":null}},"27":{"start":{"line":43,"column":42},"end":{"line":43,"column":null}},"28":{"start":{"line":45,"column":25},"end":{"line":46,"column":null}},"29":{"start":{"line":47,"column":4},"end":{"line":47,"column":null}},"30":{"start":{"line":47,"column":22},"end":{"line":47,"column":null}},"31":{"start":{"line":49,"column":4},"end":{"line":49,"column":null}},"32":{"start":{"line":52,"column":2},"end":{"line":79,"column":null}},"33":{"start":{"line":54,"column":4},"end":{"line":57,"column":null}},"34":{"start":{"line":55,"column":6},"end":{"line":55,"column":null}},"35":{"start":{"line":56,"column":6},"end":{"line":56,"column":null}},"36":{"start":{"line":59,"column":4},"end":{"line":59,"column":null}},"37":{"start":{"line":59,"column":42},"end":{"line":59,"column":null}},"38":{"start":{"line":61,"column":22},"end":{"line":62,"column":null}},"39":{"start":{"line":64,"column":4},"end":{"line":71,"column":null}},"40":{"start":{"line":65,"column":6},"end":{"line":70,"column":null}},"41":{"start":{"line":66,"column":14},"end":{"line":66,"column":null}},"42":{"start":{"line":67,"column":8},"end":{"line":69,"column":null}},"43":{"start":{"line":68,"column":10},"end":{"line":68,"column":null}},"44":{"start":{"line":73,"column":4},"end":{"line":78,"column":null}},"45":{"start":{"line":74,"column":6},"end":{"line":77,"column":null}},"46":{"start":{"line":75,"column":8},"end":{"line":75,"column":null}},"47":{"start":{"line":76,"column":8},"end":{"line":76,"column":null}},"48":{"start":{"line":81,"column":20},"end":{"line":90,"column":null}},"49":{"start":{"line":82,"column":4},"end":{"line":84,"column":null}},"50":{"start":{"line":83,"column":6},"end":{"line":83,"column":null}},"51":{"start":{"line":85,"column":4},"end":{"line":85,"column":null}},"52":{"start":{"line":86,"column":4},"end":{"line":86,"column":null}},"53":{"start":{"line":87,"column":4},"end":{"line":87,"column":null}},"54":{"start":{"line":88,"column":4},"end":{"line":88,"column":null}},"55":{"start":{"line":89,"column":4},"end":{"line":89,"column":null}},"56":{"start":{"line":92,"column":22},"end":{"line":92,"column":null}},"57":{"start":{"line":92,"column":39},"end":{"line":92,"column":49}},"58":{"start":{"line":94,"column":2},"end":{"line":305,"column":null}},"59":{"start":{"line":116,"column":31},"end":{"line":116,"column":null}},"60":{"start":{"line":125,"column":31},"end":{"line":125,"column":null}},"61":{"start":{"line":145,"column":31},"end":{"line":145,"column":null}},"62":{"start":{"line":154,"column":31},"end":{"line":154,"column":null}},"63":{"start":{"line":229,"column":34},"end":{"line":229,"column":null}},"64":{"start":{"line":230,"column":33},"end":{"line":231,"column":null}},"65":{"start":{"line":232,"column":31},"end":{"line":232,"column":null}},"66":{"start":{"line":234,"column":12},"end":{"line":257,"column":null}},"67":{"start":{"line":237,"column":31},"end":{"line":237,"column":null}},"68":{"start":{"line":265,"column":27},"end":{"line":265,"column":null}}},"fnMap":{"0":{"name":"Game","decl":{"start":{"line":7,"column":24},"end":{"line":7,"column":31}},"loc":{"start":{"line":7,"column":31},"end":{"line":307,"column":null}},"line":7},"1":{"name":"(anonymous_1)","decl":{"start":{"line":19,"column":36},"end":{"line":19,"column":37}},"loc":{"start":{"line":19,"column":61},"end":{"line":27,"column":5}},"line":19},"2":{"name":"(anonymous_2)","decl":{"start":{"line":29,"column":33},"end":{"line":29,"column":34}},"loc":{"start":{"line":29,"column":71},"end":{"line":40,"column":5}},"line":29},"3":{"name":"(anonymous_3)","decl":{"start":{"line":42,"column":26},"end":{"line":42,"column":27}},"loc":{"start":{"line":42,"column":45},"end":{"line":50,"column":null}},"line":42},"4":{"name":"(anonymous_4)","decl":{"start":{"line":52,"column":12},"end":{"line":52,"column":18}},"loc":{"start":{"line":52,"column":18},"end":{"line":79,"column":5}},"line":52},"5":{"name":"(anonymous_5)","decl":{"start":{"line":65,"column":44},"end":{"line":65,"column":50}},"loc":{"start":{"line":65,"column":50},"end":{"line":70,"column":9}},"line":65},"6":{"name":"(anonymous_6)","decl":{"start":{"line":73,"column":11},"end":{"line":73,"column":17}},"loc":{"start":{"line":73,"column":17},"end":{"line":78,"column":null}},"line":73},"7":{"name":"(anonymous_7)","decl":{"start":{"line":81,"column":20},"end":{"line":81,"column":26}},"loc":{"start":{"line":81,"column":26},"end":{"line":90,"column":null}},"line":81},"8":{"name":"(anonymous_8)","decl":{"start":{"line":92,"column":34},"end":{"line":92,"column":39}},"loc":{"start":{"line":92,"column":39},"end":{"line":92,"column":49}},"line":92},"9":{"name":"(anonymous_9)","decl":{"start":{"line":116,"column":25},"end":{"line":116,"column":31}},"loc":{"start":{"line":116,"column":31},"end":{"line":116,"column":null}},"line":116},"10":{"name":"(anonymous_10)","decl":{"start":{"line":125,"column":25},"end":{"line":125,"column":31}},"loc":{"start":{"line":125,"column":31},"end":{"line":125,"column":null}},"line":125},"11":{"name":"(anonymous_11)","decl":{"start":{"line":145,"column":25},"end":{"line":145,"column":31}},"loc":{"start":{"line":145,"column":31},"end":{"line":145,"column":null}},"line":145},"12":{"name":"(anonymous_12)","decl":{"start":{"line":154,"column":25},"end":{"line":154,"column":31}},"loc":{"start":{"line":154,"column":31},"end":{"line":154,"column":null}},"line":154},"13":{"name":"(anonymous_13)","decl":{"start":{"line":228,"column":21},"end":{"line":228,"column":22}},"loc":{"start":{"line":228,"column":36},"end":{"line":259,"column":11}},"line":228},"14":{"name":"(anonymous_14)","decl":{"start":{"line":237,"column":25},"end":{"line":237,"column":31}},"loc":{"start":{"line":237,"column":31},"end":{"line":237,"column":null}},"line":237},"15":{"name":"(anonymous_15)","decl":{"start":{"line":265,"column":21},"end":{"line":265,"column":27}},"loc":{"start":{"line":265,"column":27},"end":{"line":265,"column":null}},"line":265}},"branchMap":{"0":{"loc":{"start":{"line":21,"column":4},"end":{"line":25,"column":null}},"type":"if","locations":[{"start":{"line":21,"column":4},"end":{"line":25,"column":null}},{"start":{},"end":{}}],"line":21},"1":{"loc":{"start":{"line":30,"column":4},"end":{"line":30,"column":null}},"type":"if","locations":[{"start":{"line":30,"column":4},"end":{"line":30,"column":null}},{"start":{},"end":{}}],"line":30},"2":{"loc":{"start":{"line":30,"column":8},"end":{"line":30,"column":32}},"type":"binary-expr","locations":[{"start":{"line":30,"column":8},"end":{"line":30,"column":24}},{"start":{"line":30,"column":24},"end":{"line":30,"column":32}}],"line":30},"3":{"loc":{"start":{"line":37,"column":4},"end":{"line":39,"column":null}},"type":"if","locations":[{"start":{"line":37,"column":4},"end":{"line":39,"column":null}},{"start":{},"end":{}}],"line":37},"4":{"loc":{"start":{"line":38,"column":23},"end":{"line":38,"column":49}},"type":"cond-expr","locations":[{"start":{"line":38,"column":40},"end":{"line":38,"column":46}},{"start":{"line":38,"column":46},"end":{"line":38,"column":49}}],"line":38},"5":{"loc":{"start":{"line":43,"column":4},"end":{"line":43,"column":null}},"type":"if","locations":[{"start":{"line":43,"column":4},"end":{"line":43,"column":null}},{"start":{},"end":{}}],"line":43},"6":{"loc":{"start":{"line":43,"column":8},"end":{"line":43,"column":42}},"type":"binary-expr","locations":[{"start":{"line":43,"column":8},"end":{"line":43,"column":34}},{"start":{"line":43,"column":34},"end":{"line":43,"column":42}}],"line":43},"7":{"loc":{"start":{"line":45,"column":25},"end":{"line":46,"column":null}},"type":"binary-expr","locations":[{"start":{"line":45,"column":25},"end":{"line":45,"column":50}},{"start":{"line":45,"column":50},"end":{"line":45,"column":null}},{"start":{"line":46,"column":25},"end":{"line":46,"column":50}},{"start":{"line":46,"column":50},"end":{"line":46,"column":null}}],"line":45},"8":{"loc":{"start":{"line":47,"column":4},"end":{"line":47,"column":null}},"type":"if","locations":[{"start":{"line":47,"column":4},"end":{"line":47,"column":null}},{"start":{},"end":{}}],"line":47},"9":{"loc":{"start":{"line":54,"column":4},"end":{"line":57,"column":null}},"type":"if","locations":[{"start":{"line":54,"column":4},"end":{"line":57,"column":null}},{"start":{},"end":{}}],"line":54},"10":{"loc":{"start":{"line":59,"column":4},"end":{"line":59,"column":null}},"type":"if","locations":[{"start":{"line":59,"column":4},"end":{"line":59,"column":null}},{"start":{},"end":{}}],"line":59},"11":{"loc":{"start":{"line":59,"column":8},"end":{"line":59,"column":42}},"type":"binary-expr","locations":[{"start":{"line":59,"column":8},"end":{"line":59,"column":18}},{"start":{"line":59,"column":18},"end":{"line":59,"column":42}}],"line":59},"12":{"loc":{"start":{"line":61,"column":22},"end":{"line":62,"column":null}},"type":"binary-expr","locations":[{"start":{"line":61,"column":22},"end":{"line":61,"column":47}},{"start":{"line":61,"column":47},"end":{"line":61,"column":null}},{"start":{"line":62,"column":22},"end":{"line":62,"column":47}},{"start":{"line":62,"column":47},"end":{"line":62,"column":null}}],"line":61},"13":{"loc":{"start":{"line":64,"column":4},"end":{"line":71,"column":null}},"type":"if","locations":[{"start":{"line":64,"column":4},"end":{"line":71,"column":null}},{"start":{},"end":{}}],"line":64},"14":{"loc":{"start":{"line":67,"column":8},"end":{"line":69,"column":null}},"type":"if","locations":[{"start":{"line":67,"column":8},"end":{"line":69,"column":null}},{"start":{},"end":{}}],"line":67},"15":{"loc":{"start":{"line":74,"column":6},"end":{"line":77,"column":null}},"type":"if","locations":[{"start":{"line":74,"column":6},"end":{"line":77,"column":null}},{"start":{},"end":{}}],"line":74},"16":{"loc":{"start":{"line":82,"column":4},"end":{"line":84,"column":null}},"type":"if","locations":[{"start":{"line":82,"column":4},"end":{"line":84,"column":null}},{"start":{},"end":{}}],"line":82},"17":{"loc":{"start":{"line":111,"column":77},"end":{"line":111,"column":152}},"type":"cond-expr","locations":[{"start":{"line":111,"column":112},"end":{"line":111,"column":129}},{"start":{"line":111,"column":129},"end":{"line":111,"column":152}}],"line":111},"18":{"loc":{"start":{"line":111,"column":77},"end":{"line":111,"column":112}},"type":"binary-expr","locations":[{"start":{"line":111,"column":77},"end":{"line":111,"column":102}},{"start":{"line":111,"column":102},"end":{"line":111,"column":112}}],"line":111},"19":{"loc":{"start":{"line":114,"column":103},"end":{"line":114,"column":210}},"type":"cond-expr","locations":[{"start":{"line":114,"column":129},"end":{"line":114,"column":193}},{"start":{"line":114,"column":193},"end":{"line":114,"column":210}}],"line":114},"20":{"loc":{"start":{"line":119,"column":60},"end":{"line":119,"column":210}},"type":"cond-expr","locations":[{"start":{"line":119,"column":86},"end":{"line":119,"column":165}},{"start":{"line":119,"column":165},"end":{"line":119,"column":210}}],"line":119},"21":{"loc":{"start":{"line":128,"column":60},"end":{"line":128,"column":207}},"type":"cond-expr","locations":[{"start":{"line":128,"column":83},"end":{"line":128,"column":162}},{"start":{"line":128,"column":162},"end":{"line":128,"column":207}}],"line":128},"22":{"loc":{"start":{"line":140,"column":77},"end":{"line":140,"column":151}},"type":"cond-expr","locations":[{"start":{"line":140,"column":112},"end":{"line":140,"column":128}},{"start":{"line":140,"column":128},"end":{"line":140,"column":151}}],"line":140},"23":{"loc":{"start":{"line":140,"column":77},"end":{"line":140,"column":112}},"type":"binary-expr","locations":[{"start":{"line":140,"column":77},"end":{"line":140,"column":102}},{"start":{"line":140,"column":102},"end":{"line":140,"column":112}}],"line":140},"24":{"loc":{"start":{"line":143,"column":103},"end":{"line":143,"column":210}},"type":"cond-expr","locations":[{"start":{"line":143,"column":129},"end":{"line":143,"column":193}},{"start":{"line":143,"column":193},"end":{"line":143,"column":210}}],"line":143},"25":{"loc":{"start":{"line":148,"column":60},"end":{"line":148,"column":207}},"type":"cond-expr","locations":[{"start":{"line":148,"column":86},"end":{"line":148,"column":162}},{"start":{"line":148,"column":162},"end":{"line":148,"column":207}}],"line":148},"26":{"loc":{"start":{"line":157,"column":60},"end":{"line":157,"column":204}},"type":"cond-expr","locations":[{"start":{"line":157,"column":83},"end":{"line":157,"column":159}},{"start":{"line":157,"column":159},"end":{"line":157,"column":204}}],"line":157},"27":{"loc":{"start":{"line":169,"column":13},"end":{"line":221,"column":null}},"type":"cond-expr","locations":[{"start":{"line":170,"column":14},"end":{"line":184,"column":null}},{"start":{"line":185,"column":16},"end":{"line":221,"column":null}}],"line":169},"28":{"loc":{"start":{"line":177,"column":17},"end":{"line":182,"column":null}},"type":"cond-expr","locations":[{"start":{"line":178,"column":18},"end":{"line":178,"column":null}},{"start":{"line":179,"column":20},"end":{"line":182,"column":null}}],"line":177},"29":{"loc":{"start":{"line":179,"column":20},"end":{"line":182,"column":null}},"type":"cond-expr","locations":[{"start":{"line":180,"column":18},"end":{"line":180,"column":null}},{"start":{"line":182,"column":18},"end":{"line":182,"column":null}}],"line":179},"30":{"loc":{"start":{"line":185,"column":16},"end":{"line":221,"column":null}},"type":"cond-expr","locations":[{"start":{"line":186,"column":14},"end":{"line":198,"column":null}},{"start":{"line":200,"column":14},"end":{"line":221,"column":null}}],"line":185},"31":{"loc":{"start":{"line":193,"column":17},"end":{"line":196,"column":null}},"type":"cond-expr","locations":[{"start":{"line":194,"column":18},"end":{"line":194,"column":null}},{"start":{"line":196,"column":18},"end":{"line":196,"column":null}}],"line":193},"32":{"loc":{"start":{"line":207,"column":17},"end":{"line":210,"column":null}},"type":"cond-expr","locations":[{"start":{"line":208,"column":18},"end":{"line":208,"column":null}},{"start":{"line":210,"column":18},"end":{"line":210,"column":null}}],"line":207},"33":{"loc":{"start":{"line":213,"column":20},"end":{"line":213,"column":144}},"type":"cond-expr","locations":[{"start":{"line":213,"column":45},"end":{"line":213,"column":96}},{"start":{"line":213,"column":96},"end":{"line":213,"column":144}}],"line":213},"34":{"loc":{"start":{"line":213,"column":45},"end":{"line":213,"column":96}},"type":"cond-expr","locations":[{"start":{"line":213,"column":68},"end":{"line":213,"column":84}},{"start":{"line":213,"column":84},"end":{"line":213,"column":96}}],"line":213},"35":{"loc":{"start":{"line":213,"column":96},"end":{"line":213,"column":144}},"type":"cond-expr","locations":[{"start":{"line":213,"column":119},"end":{"line":213,"column":135}},{"start":{"line":213,"column":135},"end":{"line":213,"column":144}}],"line":213},"36":{"loc":{"start":{"line":214,"column":16},"end":{"line":219,"column":null}},"type":"binary-expr","locations":[{"start":{"line":215,"column":19},"end":{"line":215,"column":44}},{"start":{"line":215,"column":44},"end":{"line":215,"column":70}},{"start":{"line":215,"column":70},"end":{"line":215,"column":95}},{"start":{"line":215,"column":95},"end":{"line":215,"column":null}},{"start":{"line":216,"column":18},"end":{"line":219,"column":null}}],"line":214},"37":{"loc":{"start":{"line":217,"column":112},"end":{"line":217,"column":162}},"type":"cond-expr","locations":[{"start":{"line":217,"column":136},"end":{"line":217,"column":151}},{"start":{"line":217,"column":151},"end":{"line":217,"column":162}}],"line":217},"38":{"loc":{"start":{"line":218,"column":82},"end":{"line":218,"column":132}},"type":"cond-expr","locations":[{"start":{"line":218,"column":106},"end":{"line":218,"column":121}},{"start":{"line":218,"column":121},"end":{"line":218,"column":132}}],"line":218},"39":{"loc":{"start":{"line":230,"column":33},"end":{"line":231,"column":null}},"type":"binary-expr","locations":[{"start":{"line":230,"column":33},"end":{"line":230,"column":58}},{"start":{"line":230,"column":58},"end":{"line":230,"column":null}},{"start":{"line":231,"column":33},"end":{"line":231,"column":58}},{"start":{"line":231,"column":58},"end":{"line":231,"column":null}}],"line":230},"40":{"loc":{"start":{"line":232,"column":31},"end":{"line":232,"column":null}},"type":"binary-expr","locations":[{"start":{"line":232,"column":31},"end":{"line":232,"column":57}},{"start":{"line":232,"column":57},"end":{"line":232,"column":67}},{"start":{"line":232,"column":67},"end":{"line":232,"column":79}},{"start":{"line":232,"column":79},"end":{"line":232,"column":null}}],"line":232},"41":{"loc":{"start":{"line":241,"column":20},"end":{"line":241,"column":185}},"type":"cond-expr","locations":[{"start":{"line":241,"column":37},"end":{"line":241,"column":183}},{"start":{"line":241,"column":183},"end":{"line":241,"column":185}}],"line":241},"42":{"loc":{"start":{"line":241,"column":37},"end":{"line":241,"column":183}},"type":"cond-expr","locations":[{"start":{"line":241,"column":52},"end":{"line":241,"column":118}},{"start":{"line":241,"column":118},"end":{"line":241,"column":183}}],"line":241},"43":{"loc":{"start":{"line":242,"column":20},"end":{"line":242,"column":104}},"type":"cond-expr","locations":[{"start":{"line":242,"column":33},"end":{"line":242,"column":67}},{"start":{"line":242,"column":67},"end":{"line":242,"column":104}}],"line":242},"44":{"loc":{"start":{"line":246,"column":19},"end":{"line":254,"column":null}},"type":"binary-expr","locations":[{"start":{"line":246,"column":19},"end":{"line":246,"column":null}},{"start":{"line":247,"column":20},"end":{"line":254,"column":null}}],"line":246},"45":{"loc":{"start":{"line":251,"column":36},"end":{"line":251,"column":70}},"type":"cond-expr","locations":[{"start":{"line":251,"column":51},"end":{"line":251,"column":62}},{"start":{"line":251,"column":62},"end":{"line":251,"column":70}}],"line":251},"46":{"loc":{"start":{"line":265,"column":40},"end":{"line":265,"column":86}},"type":"cond-expr","locations":[{"start":{"line":265,"column":66},"end":{"line":265,"column":77}},{"start":{"line":265,"column":77},"end":{"line":265,"column":86}}],"line":265},"47":{"loc":{"start":{"line":267,"column":14},"end":{"line":269,"column":null}},"type":"cond-expr","locations":[{"start":{"line":268,"column":18},"end":{"line":268,"column":null}},{"start":{"line":269,"column":18},"end":{"line":269,"column":null}}],"line":267},"48":{"loc":{"start":{"line":273,"column":13},"end":{"line":276,"column":null}},"type":"cond-expr","locations":[{"start":{"line":274,"column":14},"end":{"line":274,"column":null}},{"start":{"line":276,"column":14},"end":{"line":276,"column":null}}],"line":273},"49":{"loc":{"start":{"line":276,"column":51},"end":{"line":276,"column":94}},"type":"cond-expr","locations":[{"start":{"line":276,"column":65},"end":{"line":276,"column":80}},{"start":{"line":276,"column":80},"end":{"line":276,"column":94}}],"line":276},"50":{"loc":{"start":{"line":281,"column":13},"end":{"line":297,"column":null}},"type":"binary-expr","locations":[{"start":{"line":281,"column":13},"end":{"line":281,"column":null}},{"start":{"line":282,"column":14},"end":{"line":297,"column":null}}],"line":281}},"s":{"0":126,"1":126,"2":126,"3":126,"4":126,"5":126,"6":126,"7":126,"8":126,"9":126,"10":41,"11":41,"12":4,"13":4,"14":4,"15":41,"16":126,"17":41,"18":0,"19":41,"20":41,"21":41,"22":41,"23":41,"24":37,"25":126,"26":38,"27":0,"28":38,"29":38,"30":0,"31":38,"32":126,"33":126,"34":0,"35":0,"36":126,"37":66,"38":60,"39":126,"40":6,"41":3,"42":3,"43":3,"44":60,"45":60,"46":6,"47":6,"48":126,"49":4,"50":0,"51":4,"52":4,"53":4,"54":4,"55":4,"56":126,"57":773,"58":126,"59":1,"60":3,"61":14,"62":0,"63":1134,"64":1134,"65":1134,"66":1134,"67":38,"68":29},"f":{"0":126,"1":41,"2":41,"3":38,"4":126,"5":3,"6":60,"7":4,"8":773,"9":1,"10":3,"11":14,"12":0,"13":1134,"14":38,"15":29},"b":{"0":[4,37],"1":[0,41],"2":[41,41],"3":[37,4],"4":[24,13],"5":[0,38],"6":[38,38],"7":[38,26,12,12],"8":[0,38],"9":[0,126],"10":[66,60],"11":[126,122],"12":[60,36,58,24],"13":[6,120],"14":[3,0],"15":[6,54],"16":[0,4],"17":[93,33],"18":[126,96],"19":[60,66],"20":[120,6],"21":[6,120],"22":[29,97],"23":[126,30],"24":[60,66],"25":[70,56],"26":[56,70],"27":[4,122],"28":[1,3],"29":[2,1],"30":[62,60],"31":[57,5],"32":[36,24],"33":[36,24],"34":[2,34],"35":[4,20],"36":[60,36,58,24,6],"37":[2,4],"38":[2,4],"39":[1134,864,315,270],"40":[1134,540,450,450],"41":[9,1125],"42":[6,3],"43":[732,402],"44":[1134,120],"45":[76,44],"46":[6,23],"47":[60,66],"48":[60,66],"49":[57,9],"50":[126,66]},"meta":{"lastBranch":51,"lastFunction":16,"lastStatement":69,"seen":{"f:7:24:7:31":0,"s:8:24:8:Infinity":0,"s:9:40:9:Infinity":1,"s:10:36:10:Infinity":2,"s:11:36:11:Infinity":3,"s:12:26:12:Infinity":4,"s:13:36:13:Infinity":5,"s:14:19:14:Infinity":6,"s:16:32:16:Infinity":7,"s:17:8:17:Infinity":8,"s:19:8:27:Infinity":9,"f:19:36:19:37":1,"s:20:10:20:Infinity":10,"b:21:4:25:Infinity:undefined:undefined:undefined:undefined":0,"s:21:4:25:Infinity":11,"s:22:6:22:Infinity":12,"s:23:6:23:Infinity":13,"s:24:6:24:Infinity":14,"s:26:4:26:Infinity":15,"s:29:8:40:Infinity":16,"f:29:33:29:34":2,"b:30:4:30:Infinity:undefined:undefined:undefined:undefined":1,"s:30:4:30:Infinity":17,"b:30:8:30:24:30:24:30:32":2,"s:30:32:30:Infinity":18,"s:32:21:32:Infinity":19,"s:33:4:33:Infinity":20,"s:34:4:34:Infinity":21,"s:36:19:36:Infinity":22,"b:37:4:39:Infinity:undefined:undefined:undefined:undefined":3,"s:37:4:39:Infinity":23,"s:38:6:38:Infinity":24,"b:38:40:38:46:38:46:38:49":4,"s:42:26:50:Infinity":25,"f:42:26:42:27":3,"b:43:4:43:Infinity:undefined:undefined:undefined:undefined":5,"s:43:4:43:Infinity":26,"b:43:8:43:34:43:34:43:42":6,"s:43:42:43:Infinity":27,"s:45:25:46:Infinity":28,"b:45:25:45:50:45:50:45:Infinity:46:25:46:50:46:50:46:Infinity":7,"b:47:4:47:Infinity:undefined:undefined:undefined:undefined":8,"s:47:4:47:Infinity":29,"s:47:22:47:Infinity":30,"s:49:4:49:Infinity":31,"s:52:2:79:Infinity":32,"f:52:12:52:18":4,"b:54:4:57:Infinity:undefined:undefined:undefined:undefined":9,"s:54:4:57:Infinity":33,"s:55:6:55:Infinity":34,"s:56:6:56:Infinity":35,"b:59:4:59:Infinity:undefined:undefined:undefined:undefined":10,"s:59:4:59:Infinity":36,"b:59:8:59:18:59:18:59:42":11,"s:59:42:59:Infinity":37,"s:61:22:62:Infinity":38,"b:61:22:61:47:61:47:61:Infinity:62:22:62:47:62:47:62:Infinity":12,"b:64:4:71:Infinity:undefined:undefined:undefined:undefined":13,"s:64:4:71:Infinity":39,"s:65:6:70:Infinity":40,"f:65:44:65:50":5,"s:66:14:66:Infinity":41,"b:67:8:69:Infinity:undefined:undefined:undefined:undefined":14,"s:67:8:69:Infinity":42,"s:68:10:68:Infinity":43,"s:73:4:78:Infinity":44,"f:73:11:73:17":6,"b:74:6:77:Infinity:undefined:undefined:undefined:undefined":15,"s:74:6:77:Infinity":45,"s:75:8:75:Infinity":46,"s:76:8:76:Infinity":47,"s:81:20:90:Infinity":48,"f:81:20:81:26":7,"b:82:4:84:Infinity:undefined:undefined:undefined:undefined":16,"s:82:4:84:Infinity":49,"s:83:6:83:Infinity":50,"s:85:4:85:Infinity":51,"s:86:4:86:Infinity":52,"s:87:4:87:Infinity":53,"s:88:4:88:Infinity":54,"s:89:4:89:Infinity":55,"s:92:22:92:Infinity":56,"f:92:34:92:39":8,"s:92:39:92:49":57,"s:94:2:305:Infinity":58,"b:111:112:111:129:111:129:111:152":17,"b:111:77:111:102:111:102:111:112":18,"b:114:129:114:193:114:193:114:210":19,"f:116:25:116:31":9,"s:116:31:116:Infinity":59,"b:119:86:119:165:119:165:119:210":20,"f:125:25:125:31":10,"s:125:31:125:Infinity":60,"b:128:83:128:162:128:162:128:207":21,"b:140:112:140:128:140:128:140:151":22,"b:140:77:140:102:140:102:140:112":23,"b:143:129:143:193:143:193:143:210":24,"f:145:25:145:31":11,"s:145:31:145:Infinity":61,"b:148:86:148:162:148:162:148:207":25,"f:154:25:154:31":12,"s:154:31:154:Infinity":62,"b:157:83:157:159:157:159:157:204":26,"b:170:14:184:Infinity:185:16:221:Infinity":27,"b:178:18:178:Infinity:179:20:182:Infinity":28,"b:180:18:180:Infinity:182:18:182:Infinity":29,"b:186:14:198:Infinity:200:14:221:Infinity":30,"b:194:18:194:Infinity:196:18:196:Infinity":31,"b:208:18:208:Infinity:210:18:210:Infinity":32,"b:213:45:213:96:213:96:213:144":33,"b:213:68:213:84:213:84:213:96":34,"b:213:119:213:135:213:135:213:144":35,"b:215:19:215:44:215:44:215:70:215:70:215:95:215:95:215:Infinity:216:18:219:Infinity":36,"b:217:136:217:151:217:151:217:162":37,"b:218:106:218:121:218:121:218:132":38,"f:228:21:228:22":13,"s:229:34:229:Infinity":63,"s:230:33:231:Infinity":64,"b:230:33:230:58:230:58:230:Infinity:231:33:231:58:231:58:231:Infinity":39,"s:232:31:232:Infinity":65,"b:232:31:232:57:232:57:232:67:232:67:232:79:232:79:232:Infinity":40,"s:234:12:257:Infinity":66,"f:237:25:237:31":14,"s:237:31:237:Infinity":67,"b:241:37:241:183:241:183:241:185":41,"b:241:52:241:118:241:118:241:183":42,"b:242:33:242:67:242:67:242:104":43,"b:246:19:246:Infinity:247:20:254:Infinity":44,"b:251:51:251:62:251:62:251:70":45,"f:265:21:265:27":15,"s:265:27:265:Infinity":68,"b:265:66:265:77:265:77:265:86":46,"b:268:18:268:Infinity:269:18:269:Infinity":47,"b:274:14:274:Infinity:276:14:276:Infinity":48,"b:276:65:276:80:276:80:276:94":49,"b:281:13:281:Infinity:282:14:297:Infinity":50}}}
,"/home/runner/work/tic-tac-toe-mcts/tic-tac-toe-mcts/client/src/pages/not-found.tsx": {"path":"/home/runner/work/tic-tac-toe-mcts/tic-tac-toe-mcts/client/src/pages/not-found.tsx","statementMap":{"0":{"start":{"line":5,"column":2},"end":{"line":19,"column":null}}},"fnMap":{"0":{"name":"NotFound","decl":{"start":{"line":4,"column":24},"end":{"line":4,"column":35}},"loc":{"start":{"line":4,"column":35},"end":{"line":21,"column":null}},"line":4}},"branchMap":{},"s":{"0":2},"f":{"0":2},"b":{},"meta":{"lastBranch":0,"lastFunction":1,"lastStatement":1,"seen":{"f:4:24:4:35":0,"s:5:2:19:Infinity":0}}}
}
